<?xml version="1.0" encoding="UTF-8"?>
<!-- Generated by org.testng.reporters.JUnitReportReporter -->
<testsuite hostname="SUBHAJIT-ASUS0001" failures="0" tests="1" name="com.facebook.tests.PageFactoryLoginTest" time="1.169" errors="0" timestamp="2024-02-19T21:08:02 IST" skipped="0">
  <testcase classname="com.facebook.tests.PageFactoryLoginTest" name="loginTest" time="1.169"/>
</testsuite> <!-- com.facebook.tests.PageFactoryLoginTest -->
