<?xml version="1.0" encoding="UTF-8"?>
<!-- Generated by org.testng.reporters.JUnitReportReporter -->
<testsuite hostname="SUBHAJIT-ASUS0001" failures="0" tests="1" name="com.facebook.tests.LoginTest" time="11.072" errors="0" timestamp="2024-02-17T09:14:07 IST" skipped="0">
  <testcase classname="com.facebook.tests.LoginTest" name="loginTest" time="11.072"/>
</testsuite> <!-- com.facebook.tests.LoginTest -->
