<?xml version="1.0" encoding="UTF-8"?>
<!-- Generated by org.testng.reporters.JUnitReportReporter -->
<testsuite hostname="SUBHAJIT-ASUS0001" failures="0" tests="2" name="Amazon.Amazon1" time="13.133" errors="0" timestamp="2023-12-19T17:01:50 IST" skipped="0">
  <testcase classname="Amazon.Amazon1" name="verifyLogo" time="4.742"/>
  <testcase classname="Amazon.Amazon1" name="verifyTitle" time="8.391"/>
</testsuite> <!-- Amazon.Amazon1 -->
