<?xml version="1.0" encoding="UTF-8"?>
<!-- Generated by org.testng.reporters.JUnitReportReporter -->
<testsuite hostname="SUBHAJIT-ASUS0001" failures="0" tests="1" name="restAssuredPackage.PostPut" time="1.931" errors="0" timestamp="2023-12-10T04:02:26 IST" skipped="0">
  <testcase classname="restAssuredPackage.PostPut" name="postPutMethod" time="1.931"/>
</testsuite> <!-- restAssuredPackage.PostPut -->
