<?xml version="1.0" encoding="UTF-8"?>
<!-- Generated by org.testng.reporters.JUnitReportReporter -->
<testsuite hostname="SUBHAJIT-ASUS0001" failures="0" tests="1" name="restAssuredPackage.Get" time="4.380" errors="0" timestamp="2023-12-09T16:24:22 IST" skipped="0">
  <testcase classname="restAssuredPackage.Get" name="getMethod" time="4.380"/>
</testsuite> <!-- restAssuredPackage.Get -->
