<?xml version="1.0" encoding="UTF-8"?>
<!-- Generated by org.testng.reporters.JUnitReportReporter -->
<testsuite hostname="SUBHAJIT-ASUS0001" failures="0" tests="1" name="restAssuredPackage.ValidationCheck" time="2.753" errors="0" timestamp="2023-12-10T04:49:02 IST" skipped="0">
  <testcase classname="restAssuredPackage.ValidationCheck" name="validateResponce" time="2.753"/>
</testsuite> <!-- restAssuredPackage.ValidationCheck -->
