<?xml version="1.0" encoding="UTF-8"?>
<!-- Generated by org.testng.reporters.JUnitReportReporter -->
<testsuite hostname="SUBHAJIT-ASUS0001" failures="0" tests="1" name="restAssuredPackage.Delete" time="4.466" errors="0" timestamp="2023-12-31T13:10:32 IST" skipped="0">
  <testcase classname="restAssuredPackage.Delete" name="deleteRecord" time="4.466"/>
</testsuite> <!-- restAssuredPackage.Delete -->
